mktextfm SFMono-Regular
mktextfm SFMono-Regular
mktextfm SFMono-Regular
mktextfm SFMono-Regular/BI
mktextfm SFMono-Regular
mktextfm SFMono-Regular/B
mktextfm SFMono-Regular
mktextfm SFMono-Regular/I
mktextfm SFMono-Regular
mktextfm SFMono-Regular
mktextfm SFMono-Bold
mktextfm SFMono-Bold
mktextfm SFMono-Bold
mktextfm SFMono-Bold/BI
mktextfm SFMono-Bold
mktextfm SFMono-Bold/B
mktextfm SFMono-Bold
mktextfm SFMono-Bold/I
mktextfm SFMono-Bold
mktextfm SFMono-Bold
mktextfm SFMono-Regular
mktextfm SFMono-Regular
